<?xml version="1.0" encoding="UTF-8"?>
<testsuite name="com.example.carservice.CarserviceApplicationTests" tests="1" skipped="0" failures="0" errors="0" timestamp="2019-11-22T15:41:06" hostname="MacBook-Air-de-Ky.local" time="1.19">
  <properties/>
  <testcase name="contextLoads()" classname="com.example.carservice.CarserviceApplicationTests" time="1.19"/>
  <system-out><![CDATA[16:41:01.933 [Test worker] DEBUG org.springframework.test.context.BootstrapUtils - Instantiating CacheAwareContextLoaderDelegate from class [org.springframework.test.context.cache.DefaultCacheAwareContextLoaderDelegate]
16:41:01.958 [Test worker] DEBUG org.springframework.test.context.BootstrapUtils - Instantiating BootstrapContext using constructor [public org.springframework.test.context.support.DefaultBootstrapContext(java.lang.Class,org.springframework.test.context.CacheAwareContextLoaderDelegate)]
16:41:01.993 [Test worker] DEBUG org.springframework.test.context.BootstrapUtils - Instantiating TestContextBootstrapper for test class [com.example.carservice.CarserviceApplicationTests] from class [org.springframework.boot.test.context.SpringBootTestContextBootstrapper]
16:41:02.030 [Test worker] INFO org.springframework.boot.test.context.SpringBootTestContextBootstrapper - Neither @ContextConfiguration nor @ContextHierarchy found for test class [com.example.carservice.CarserviceApplicationTests], using SpringBootContextLoader
16:41:02.036 [Test worker] DEBUG org.springframework.test.context.support.AbstractContextLoader - Did not detect default resource location for test class [com.example.carservice.CarserviceApplicationTests]: class path resource [com/example/carservice/CarserviceApplicationTests-context.xml] does not exist
16:41:02.038 [Test worker] DEBUG org.springframework.test.context.support.AbstractContextLoader - Did not detect default resource location for test class [com.example.carservice.CarserviceApplicationTests]: class path resource [com/example/carservice/CarserviceApplicationTestsContext.groovy] does not exist
16:41:02.039 [Test worker] INFO org.springframework.test.context.support.AbstractContextLoader - Could not detect default resource locations for test class [com.example.carservice.CarserviceApplicationTests]: no resource found for suffixes {-context.xml, Context.groovy}.
16:41:02.042 [Test worker] INFO org.springframework.test.context.support.AnnotationConfigContextLoaderUtils - Could not detect default configuration classes for test class [com.example.carservice.CarserviceApplicationTests]: CarserviceApplicationTests does not declare any static, non-private, non-final, nested classes annotated with @Configuration.
16:41:02.123 [Test worker] DEBUG org.springframework.test.context.support.ActiveProfilesUtils - Could not find an 'annotation declaring class' for annotation type [org.springframework.test.context.ActiveProfiles] and class [com.example.carservice.CarserviceApplicationTests]
16:41:02.243 [Test worker] DEBUG org.springframework.context.annotation.ClassPathScanningCandidateComponentProvider - Identified candidate component class: file [/Users/kyguillaume/eclipse-workspace/WebServiceForAngular-master/build/classes/java/main/com/example/carservice/CarserviceApplication.class]
16:41:02.245 [Test worker] INFO org.springframework.boot.test.context.SpringBootTestContextBootstrapper - Found @SpringBootConfiguration com.example.carservice.CarserviceApplication for test class com.example.carservice.CarserviceApplicationTests
16:41:02.383 [Test worker] DEBUG org.springframework.boot.test.context.SpringBootTestContextBootstrapper - @TestExecutionListeners is not present for class [com.example.carservice.CarserviceApplicationTests]: using defaults.
16:41:02.386 [Test worker] INFO org.springframework.boot.test.context.SpringBootTestContextBootstrapper - Loaded default TestExecutionListener class names from location [META-INF/spring.factories]: [org.springframework.boot.test.autoconfigure.restdocs.RestDocsTestExecutionListener, org.springframework.boot.test.autoconfigure.web.client.MockRestServiceServerResetTestExecutionListener, org.springframework.boot.test.autoconfigure.web.servlet.MockMvcPrintOnlyOnFailureTestExecutionListener, org.springframework.boot.test.autoconfigure.web.servlet.WebDriverTestExecutionListener, org.springframework.boot.test.mock.mockito.MockitoTestExecutionListener, org.springframework.boot.test.mock.mockito.ResetMocksTestExecutionListener, org.springframework.test.context.web.ServletTestExecutionListener, org.springframework.test.context.support.DirtiesContextBeforeModesTestExecutionListener, org.springframework.test.context.support.DependencyInjectionTestExecutionListener, org.springframework.test.context.support.DirtiesContextTestExecutionListener, org.springframework.test.context.transaction.TransactionalTestExecutionListener, org.springframework.test.context.jdbc.SqlScriptsTestExecutionListener, org.springframework.test.context.event.EventPublishingTestExecutionListener]
16:41:02.412 [Test worker] DEBUG org.springframework.boot.test.context.SpringBootTestContextBootstrapper - Skipping candidate TestExecutionListener [org.springframework.test.context.transaction.TransactionalTestExecutionListener] due to a missing dependency. Specify custom listener classes or make the default listener classes and their required dependencies available. Offending class: [org/springframework/transaction/interceptor/TransactionAttributeSource]
16:41:02.413 [Test worker] DEBUG org.springframework.boot.test.context.SpringBootTestContextBootstrapper - Skipping candidate TestExecutionListener [org.springframework.test.context.jdbc.SqlScriptsTestExecutionListener] due to a missing dependency. Specify custom listener classes or make the default listener classes and their required dependencies available. Offending class: [org/springframework/transaction/interceptor/TransactionAttribute]
16:41:02.415 [Test worker] INFO org.springframework.boot.test.context.SpringBootTestContextBootstrapper - Using TestExecutionListeners: [org.springframework.test.context.web.ServletTestExecutionListener@587542cf, org.springframework.test.context.support.DirtiesContextBeforeModesTestExecutionListener@54c6024, org.springframework.boot.test.mock.mockito.MockitoTestExecutionListener@4c34801b, org.springframework.boot.test.autoconfigure.SpringBootDependencyInjectionTestExecutionListener@ff2f9e0, org.springframework.test.context.support.DirtiesContextTestExecutionListener@7d63b1eb, org.springframework.test.context.event.EventPublishingTestExecutionListener@1b48b323, org.springframework.boot.test.autoconfigure.restdocs.RestDocsTestExecutionListener@7394dc09, org.springframework.boot.test.autoconfigure.web.client.MockRestServiceServerResetTestExecutionListener@6bb10662, org.springframework.boot.test.autoconfigure.web.servlet.MockMvcPrintOnlyOnFailureTestExecutionListener@b3d1e16, org.springframework.boot.test.autoconfigure.web.servlet.WebDriverTestExecutionListener@55b275f9, org.springframework.boot.test.mock.mockito.ResetMocksTestExecutionListener@938fd2]
16:41:02.422 [Test worker] DEBUG org.springframework.test.context.support.AbstractDirtiesContextTestExecutionListener - Before test class: context [DefaultTestContext@2d46347d testClass = CarserviceApplicationTests, testInstance = [null], testMethod = [null], testException = [null], mergedContextConfiguration = [WebMergedContextConfiguration@2f7e5349 testClass = CarserviceApplicationTests, locations = '{}', classes = '{class com.example.carservice.CarserviceApplication}', contextInitializerClasses = '[]', activeProfiles = '{}', propertySourceLocations = '{}', propertySourceProperties = '{org.springframework.boot.test.context.SpringBootTestContextBootstrapper=true}', contextCustomizers = set[org.springframework.boot.test.autoconfigure.properties.PropertyMappingContextCustomizer@0, org.springframework.boot.test.autoconfigure.web.servlet.WebDriverContextCustomizerFactory$Customizer@6c052063, org.springframework.boot.test.context.filter.ExcludeFilterContextCustomizer@7fb32e1a, org.springframework.boot.test.json.DuplicateJsonObjectContextCustomizerFactory$DuplicateJsonObjectContextCustomizer@e08c86a, org.springframework.boot.test.mock.mockito.MockitoContextCustomizer@0, org.springframework.boot.test.web.client.TestRestTemplateContextCustomizer@69ee131e], resourceBasePath = 'src/main/webapp', contextLoader = 'org.springframework.boot.test.context.SpringBootContextLoader', parent = [null]], attributes = map['org.springframework.test.context.web.ServletTestExecutionListener.activateListener' -> true]], class annotated with @DirtiesContext [false] with mode [null].
16:41:02.471 [Test worker] DEBUG org.springframework.test.context.support.TestPropertySourceUtils - Adding inlined properties to environment: {spring.jmx.enabled=false, org.springframework.boot.test.context.SpringBootTestContextBootstrapper=true, server.port=-1}

  .   ____          _            __ _ _
 /\\ / ___'_ __ _ _(_)_ __  __ _ \ \ \ \
( ( )\___ | '_ | '_| | '_ \/ _` | \ \ \ \
 \\/  ___)| |_)| | | | | || (_| |  ) ) ) )
  '  |____| .__|_| |_|_| |_\__, | / / / /
 =========|_|==============|___/=/_/_/_/
 :: Spring Boot ::        (v2.2.1.RELEASE)

2019-11-22 16:41:03.028  INFO 65959 --- [    Test worker] c.e.c.CarserviceApplicationTests         : Starting CarserviceApplicationTests on MacBook-Air-de-Ky.local with PID 65959 (started by kyguillaume in /Users/kyguillaume/eclipse-workspace/WebServiceForAngular-master)
2019-11-22 16:41:03.032  INFO 65959 --- [    Test worker] c.e.c.CarserviceApplicationTests         : No active profile set, falling back to default profiles: default
2019-11-22 16:41:05.340  INFO 65959 --- [    Test worker] o.s.s.concurrent.ThreadPoolTaskExecutor  : Initializing ExecutorService 'applicationTaskExecutor'
2019-11-22 16:41:06.080  INFO 65959 --- [    Test worker] c.e.c.CarserviceApplicationTests         : Started CarserviceApplicationTests in 3.586 seconds (JVM running for 5.449)
]]></system-out>
  <system-err><![CDATA[]]></system-err>
</testsuite>
